Array
(
    [product_id] => 2
    [product_name] => Smart Watch
    [product_price] => 149.99
    [product_image] => https://images.unsplash.com/photo-1523275335684-37898b6baf30?ixlib=rb-4.0.3&ixid=M3wxMjA3fDB8MHxzZWFyY2h8Mnx8cHJvZHVjdHxlbnwwfHwwfHx8MA%3D%3D&auto=format&fit=crop&w=500&q=60
)
Array
(
    [product_id] => 2
    [product_name] => Smart Watch
    [product_price] => 149.99
    [product_image] => https://images.unsplash.com/photo-1523275335684-37898b6baf30?ixlib=rb-4.0.3&ixid=M3wxMjA3fDB8MHxzZWFyY2h8Mnx8cHJvZHVjdHxlbnwwfHwwfHx8MA%3D%3D&auto=format&fit=crop&w=500&q=60
)
Array
(
    [product_id] => 3
    [product_name] => Running Shoes
    [product_price] => 79.99
    [product_image] => https://images.unsplash.com/photo-1542291026-7eec264c27ff?ixlib=rb-4.0.3&ixid=M3wxMjA3fDB8MHxzZWFyY2h8Mnx8c25lYWtlcnN8ZW58MHx8MHx8fDA%3D&auto=format&fit=crop&w=500&q=60
)
Array
(
    [product_id] => 3
    [product_name] => Running Shoes
    [product_price] => 79.99
    [product_image] => https://images.unsplash.com/photo-1542291026-7eec264c27ff?ixlib=rb-4.0.3&ixid=M3wxMjA3fDB8MHxzZWFyY2h8Mnx8c25lYWtlcnN8ZW58MHx8MHx8fDA%3D&auto=format&fit=crop&w=500&q=60
)
Array
(
    [product_id] => 5
    [product_name] => Bluetooth Headphones
    [product_price] => 69.99
    [product_image] => https://images.unsplash.com/photo-1505740420928-5e560c06d30e?ixlib=rb-4.0.3&ixid=M3wxMjA3fDB8MHxzZWFyY2h8M3x8aGVhZHBob25lc3xlbnwwfHwwfHx8MA%3D%3D&auto=format&fit=crop&w=500&q=60
)
Array
(
    [product_id] => 7
    [product_name] => Luxury Perfume
    [product_price] => 59.99
    [product_image] => https://images.unsplash.com/photo-1585386959984-a4155224a1ad?ixlib=rb-4.0.3&ixid=M3wxMjA3fDB8MHxzZWFyY2h8NXx8cGVyZnVtZXxlbnwwfHwwfHx8MA%3D%3D&auto=format&fit=crop&w=500&q=60
)
Array
(
    [product_id] => 6
    [product_name] => Vintage Camera
    [product_price] => 149.99
    [product_image] => https://images.unsplash.com/photo-1526170375885-4d8ecf77b99f?ixlib=rb-4.0.3&ixid=M3wxMjA3fDB8MHxzZWFyY2h8M3x8Y2FtZXJhfGVufDB8fDB8fHww&auto=format&fit=crop&w=500&q=60
)
Array
(
    [product_id] => 7
    [product_name] => Luxury Perfume
    [product_price] => 59.99
    [product_image] => https://images.unsplash.com/photo-1585386959984-a4155224a1ad?ixlib=rb-4.0.3&ixid=M3wxMjA3fDB8MHxzZWFyY2h8NXx8cGVyZnVtZXxlbnwwfHwwfHx8MA%3D%3D&auto=format&fit=crop&w=500&q=60
)
